<?xml version="1.0" encoding="UTF-8"?>
<!-- Generated by org.testng.reporters.JUnitReportReporter -->
<testsuite hostname="Nitins-MacBook-Pro.local" failures="0" tests="5" name="com.tekarch.salesforce.automationscripts.SalesforceLoginPage_Testcases" time="30.190" errors="0" timestamp="2024-02-21T00:19:00 PST" skipped="0">
  <testcase classname="com.tekarch.salesforce.automationscripts.SalesforceLoginPage_Testcases" name="loginPage_EmptyPassword" time="3.818"/>
  <system-out/>
  <testcase classname="com.tekarch.salesforce.automationscripts.SalesforceLoginPage_Testcases" name="testForgotPasssword" time="3.375"/>
  <system-out/>
  <testcase classname="com.tekarch.salesforce.automationscripts.SalesforceLoginPage_Testcases" name="loginErrorMessage" time="3.104"/>
  <system-out/>
  <testcase classname="com.tekarch.salesforce.automationscripts.SalesforceLoginPage_Testcases" name="login_Homepage" time="7.913"/>
  <system-out/>
  <testcase classname="com.tekarch.salesforce.automationscripts.SalesforceLoginPage_Testcases" name="rememberUser_checkbox" time="11.980"/>
  <system-out/>
</testsuite> <!-- com.tekarch.salesforce.automationscripts.SalesforceLoginPage_Testcases -->
