<?xml version="1.0" encoding="UTF-8"?>
<!-- Generated by org.testng.reporters.JUnitReportReporter -->
<testsuite hostname="Nitins-MacBook-Pro.local" failures="0" tests="5" name="com.tekarch.salesforce.automationscripts.SalesforceLoginPage_Testcases" time="31.501" errors="0" timestamp="2024-02-19T17:04:43 PST" skipped="0">
  <testcase classname="com.tekarch.salesforce.automationscripts.SalesforceLoginPage_Testcases" name="loginPage_EmptyPassword" time="3.793"/>
  <system-out/>
  <testcase classname="com.tekarch.salesforce.automationscripts.SalesforceLoginPage_Testcases" name="testForgotPasssword" time="7.310"/>
  <system-out/>
  <testcase classname="com.tekarch.salesforce.automationscripts.SalesforceLoginPage_Testcases" name="loginErrorMessage" time="3.782"/>
  <system-out/>
  <testcase classname="com.tekarch.salesforce.automationscripts.SalesforceLoginPage_Testcases" name="login_Homepage" time="7.320"/>
  <system-out/>
  <testcase classname="com.tekarch.salesforce.automationscripts.SalesforceLoginPage_Testcases" name="rememberUser_checkbox" time="9.296"/>
  <system-out/>
</testsuite> <!-- com.tekarch.salesforce.automationscripts.SalesforceLoginPage_Testcases -->
